# JRE version: Java(TM) SE Runtime Environment (14.0.2+12) (build 14.0.2+12-46)
# Java VM: Java HotSpot(TM) 64-Bit Server VM (14.0.2+12-46, mixed mode, sharing, tiered, compressed oops, g1 gc, windows-amd64)
Heap:
 garbage-first heap   total 263168K, used 78747K [0x00000000c0000000, 0x0000000100000000)
  region size 1024K, 1 young (1024K), 0 survivors (0K)
 Metaspace       used 11304K, capacity 12899K, committed 13184K, reserved 1060864K
  class space    used 1734K, capacity 2083K, committed 2176K, reserved 1048576K
GC Heap History (20 events):
Event: 1726.051 GC heap before
{Heap before GC invocations=2181 (full 38):
 garbage-first heap   total 263168K, used 233388K [0x00000000c0000000, 0x0000000100000000)
  region size 1024K, 152 young (155648K), 1 survivors (1024K)
 Metaspace       used 11304K, capacity 12899K, committed 13184K, reserved 1060864K
  class space    used 1734K, capacity 2083K, committed 2176K, reserved 1048576K
}
Event: 1726.052 GC heap after
{Heap after GC invocations=2182 (full 38):
 garbage-first heap   total 263168K, used 78762K [0x00000000c0000000, 0x0000000100000000)
  region size 1024K, 1 young (1024K), 1 survivors (1024K)
 Metaspace       used 11304K, capacity 12899K, committed 13184K, reserved 1060864K
  class space    used 1734K, capacity 2083K, committed 2176K, reserved 1048576K
}
Event: 1726.374 GC heap before
{Heap before GC invocations=2182 (full 38):
 garbage-first heap   total 263168K, used 233386K [0x00000000c0000000, 0x0000000100000000)
  region size 1024K, 152 young (155648K), 1 survivors (1024K)
 Metaspace       used 11304K, capacity 12899K, committed 13184K, reserved 1060864K
  class space    used 1734K, capacity 2083K, committed 2176K, reserved 1048576K
}
Event: 1726.375 GC heap after
{Heap after GC invocations=2183 (full 38):
 garbage-first heap   total 263168K, used 78760K [0x00000000c0000000, 0x0000000100000000)
  region size 1024K, 1 young (1024K), 1 survivors (1024K)
 Metaspace       used 11304K, capacity 12899K, committed 13184K, reserved 1060864K
  class space    used 1734K, capacity 2083K, committed 2176K, reserved 1048576K
}
Event: 1726.725 GC heap before
{Heap before GC invocations=2183 (full 38):
 garbage-first heap   total 263168K, used 233384K [0x00000000c0000000, 0x0000000100000000)
  region size 1024K, 152 young (155648K), 1 survivors (1024K)
 Metaspace       used 11304K, capacity 12899K, committed 13184K, reserved 1060864K
  class space    used 1734K, capacity 2083K, committed 2176K, reserved 1048576K
}
Event: 1726.727 GC heap after
{Heap after GC invocations=2184 (full 38):
 garbage-first heap   total 263168K, used 78756K [0x00000000c0000000, 0x0000000100000000)
  region size 1024K, 1 young (1024K), 1 survivors (1024K)
 Metaspace       used 11304K, capacity 12899K, committed 13184K, reserved 1060864K
  class space    used 1734K, capacity 2083K, committed 2176K, reserved 1048576K
}
Event: 1727.056 GC heap before
{Heap before GC invocations=2184 (full 38):
 garbage-first heap   total 263168K, used 233380K [0x00000000c0000000, 0x0000000100000000)
  region size 1024K, 152 young (155648K), 1 survivors (1024K)
 Metaspace       used 11304K, capacity 12899K, committed 13184K, reserved 1060864K
  class space    used 1734K, capacity 2083K, committed 2176K, reserved 1048576K
}
Event: 1727.057 GC heap after
{Heap after GC invocations=2185 (full 38):
 garbage-first heap   total 263168K, used 78766K [0x00000000c0000000, 0x0000000100000000)
  region size 1024K, 1 young (1024K), 1 survivors (1024K)
 Metaspace       used 11304K, capacity 12899K, committed 13184K, reserved 1060864K
  class space    used 1734K, capacity 2083K, committed 2176K, reserved 1048576K
}
Event: 1727.395 GC heap before
{Heap before GC invocations=2185 (full 38):
 garbage-first heap   total 263168K, used 233390K [0x00000000c0000000, 0x0000000100000000)
  region size 1024K, 152 young (155648K), 1 survivors (1024K)
 Metaspace       used 11304K, capacity 12899K, committed 13184K, reserved 1060864K
  class space    used 1734K, capacity 2083K, committed 2176K, reserved 1048576K
}
Event: 1727.396 GC heap after
{Heap after GC invocations=2186 (full 38):
 garbage-first heap   total 263168K, used 78756K [0x00000000c0000000, 0x0000000100000000)
  region size 1024K, 1 young (1024K), 1 survivors (1024K)
 Metaspace       used 11304K, capacity 12899K, committed 13184K, reserved 1060864K
  class space    used 1734K, capacity 2083K, committed 2176K, reserved 1048576K
}
Event: 1727.707 GC heap before
{Heap before GC invocations=2186 (full 38):
 garbage-first heap   total 263168K, used 233380K [0x00000000c0000000, 0x0000000100000000)
  region size 1024K, 152 young (155648K), 1 survivors (1024K)
 Metaspace       used 11304K, capacity 12899K, committed 13184K, reserved 1060864K
  class space    used 1734K, capacity 2083K, committed 2176K, reserved 1048576K
}
Event: 1727.708 GC heap after
{Heap after GC invocations=2187 (full 38):
 garbage-first heap   total 263168K, used 78768K [0x00000000c0000000, 0x0000000100000000)
  region size 1024K, 1 young (1024K), 1 survivors (1024K)
 Metaspace       used 11304K, capacity 12899K, committed 13184K, reserved 1060864K
  class space    used 1734K, capacity 2083K, committed 2176K, reserved 1048576K
}
Event: 1728.029 GC heap before
{Heap before GC invocations=2187 (full 38):
 garbage-first heap   total 263168K, used 233392K [0x00000000c0000000, 0x0000000100000000)
  region size 1024K, 152 young (155648K), 1 survivors (1024K)
 Metaspace       used 11304K, capacity 12899K, committed 13184K, reserved 1060864K
  class space    used 1734K, capacity 2083K, committed 2176K, reserved 1048576K
}
Event: 1728.031 GC heap after
{Heap after GC invocations=2188 (full 38):
 garbage-first heap   total 263168K, used 78762K [0x00000000c0000000, 0x0000000100000000)
  region size 1024K, 1 young (1024K), 1 survivors (1024K)
 Metaspace       used 11304K, capacity 12899K, committed 13184K, reserved 1060864K
  class space    used 1734K, capacity 2083K, committed 2176K, reserved 1048576K
}
Event: 1728.326 GC heap before
{Heap before GC invocations=2188 (full 38):
 garbage-first heap   total 263168K, used 233386K [0x00000000c0000000, 0x0000000100000000)
  region size 1024K, 152 young (155648K), 1 survivors (1024K)
 Metaspace       used 11304K, capacity 12899K, committed 13184K, reserved 1060864K
  class space    used 1734K, capacity 2083K, committed 2176K, reserved 1048576K
}
Event: 1728.328 GC heap after
{Heap after GC invocations=2189 (full 38):
 garbage-first heap   total 263168K, used 78772K [0x00000000c0000000, 0x0000000100000000)
  region size 1024K, 1 young (1024K), 1 survivors (1024K)
 Metaspace       used 11304K, capacity 12899K, committed 13184K, reserved 1060864K
  class space    used 1734K, capacity 2083K, committed 2176K, reserved 1048576K
}
Event: 1728.639 GC heap before
{Heap before GC invocations=2189 (full 38):
 garbage-first heap   total 263168K, used 233396K [0x00000000c0000000, 0x0000000100000000)
  region size 1024K, 152 young (155648K), 1 survivors (1024K)
 Metaspace       used 11304K, capacity 12899K, committed 13184K, reserved 1060864K
  class space    used 1734K, capacity 2083K, committed 2176K, reserved 1048576K
}
Event: 1728.640 GC heap after
{Heap after GC invocations=2190 (full 38):
 garbage-first heap   total 263168K, used 78762K [0x00000000c0000000, 0x0000000100000000)
  region size 1024K, 1 young (1024K), 1 survivors (1024K)
 Metaspace       used 11304K, capacity 12899K, committed 13184K, reserved 1060864K
  class space    used 1734K, capacity 2083K, committed 2176K, reserved 1048576K
}
Event: 1787.265 GC heap before
{Heap before GC invocations=2190 (full 38):
 garbage-first heap   total 263168K, used 89002K [0x00000000c0000000, 0x0000000100000000)
  region size 1024K, 12 young (12288K), 1 survivors (1024K)
 Metaspace       used 11304K, capacity 12899K, committed 13184K, reserved 1060864K
  class space    used 1734K, capacity 2083K, committed 2176K, reserved 1048576K
}
Event: 1787.368 GC heap after
{Heap after GC invocations=2191 (full 39):
 garbage-first heap   total 263168K, used 78747K [0x00000000c0000000, 0x0000000100000000)
  region size 1024K, 0 young (0K), 0 survivors (0K)
 Metaspace       used 11304K, capacity 12899K, committed 13184K, reserved 1060864K
  class space    used 1734K, capacity 2083K, committed 2176K, reserved 1048576K
}

